<?xml version="1.0" encoding="UTF-8"?>
<coverage generated="1786401281452" clover="3.2.0">
  <project timestamp="1786401281452" name="All files">
    <metrics statements="18" coveredstatements="18" conditionals="10" coveredconditionals="8" methods="3" coveredmethods="3" elements="31" coveredelements="29" complexity="0" loc="18" ncloc="18" packages="1" files="2" classes="2"/>
    <file name="app.js" path="C:\Users\wssih\testes\lab-integracao-api\src\app.js">
      <metrics statements="12" coveredstatements="12" conditionals="6" coveredconditionals="6" methods="2" coveredmethods="2"/>
      <line num="1" count="1" type="stmt"/>
      <line num="2" count="1" type="stmt"/>
      <line num="3" count="1" type="stmt"/>
      <line num="4" count="1" type="stmt"/>
      <line num="5" count="1" type="stmt"/>
      <line num="9" count="4" type="stmt"/>
      <line num="10" count="4" type="cond" truecount="4" falsecount="0"/>
      <line num="11" count="3" type="stmt"/>
      <line num="12" count="3" type="stmt"/>
      <line num="13" count="3" type="cond" truecount="2" falsecount="0"/>
      <line num="14" count="2" type="stmt"/>
      <line num="17" count="1" type="stmt"/>
    </file>
    <file name="database.js" path="C:\Users\wssih\testes\lab-integracao-api\src\database.js">
      <metrics statements="6" coveredstatements="6" conditionals="4" coveredconditionals="2" methods="1" coveredmethods="1"/>
      <line num="1" count="1" type="stmt"/>
      <line num="3" count="1" type="cond" truecount="1" falsecount="1"/>
      <line num="4" count="1" type="stmt"/>
      <line num="5" count="1" type="cond" truecount="1" falsecount="1"/>
      <line num="6" count="1" type="stmt"/>
      <line num="12" count="1" type="stmt"/>
    </file>
  </project>
</coverage>
