{"C:\\Users\\wssih\\testes\\lab-integracao-api\\src\\app.js": {"path":"C:\\Users\\wssih\\testes\\lab-integracao-api\\src\\app.js","statementMap":{"0":{"start":{"line":1,"column":16},"end":{"line":1,"column":34}},"1":{"start":{"line":2,"column":11},"end":{"line":2,"column":32}},"2":{"start":{"line":3,"column":12},"end":{"line":3,"column":21}},"3":{"start":{"line":4,"column":0},"end":{"line":4,"column":24}},"4":{"start":{"line":5,"column":0},"end":{"line":16,"column":3}},"5":{"start":{"line":9,"column":28},"end":{"line":9,"column":36}},"6":{"start":{"line":10,"column":0},"end":{"line":10,"column":84}},"7":{"start":{"line":10,"column":25},"end":{"line":10,"column":84}},"8":{"start":{"line":11,"column":12},"end":{"line":11,"column":64}},"9":{"start":{"line":12,"column":0},"end":{"line":15,"column":3}},"10":{"start":{"line":13,"column":0},"end":{"line":13,"column":70}},"11":{"start":{"line":13,"column":9},"end":{"line":13,"column":70}},"12":{"start":{"line":14,"column":0},"end":{"line":14,"column":59}},"13":{"start":{"line":17,"column":0},"end":{"line":17,"column":21}}},"fnMap":{"0":{"name":"(anonymous_0)","decl":{"start":{"line":7,"column":2},"end":{"line":7,"column":3}},"loc":{"start":{"line":7,"column":16},"end":{"line":16,"column":1}},"line":7},"1":{"name":"(anonymous_1)","decl":{"start":{"line":12,"column":31},"end":{"line":12,"column":32}},"loc":{"start":{"line":12,"column":45},"end":{"line":15,"column":1}},"line":12}},"branchMap":{"0":{"loc":{"start":{"line":10,"column":0},"end":{"line":10,"column":84}},"type":"if","locations":[{"start":{"line":10,"column":0},"end":{"line":10,"column":84}},{"start":{},"end":{}}],"line":10},"1":{"loc":{"start":{"line":10,"column":4},"end":{"line":10,"column":23}},"type":"binary-expr","locations":[{"start":{"line":10,"column":4},"end":{"line":10,"column":9}},{"start":{"line":10,"column":13},"end":{"line":10,"column":23}}],"line":10},"2":{"loc":{"start":{"line":13,"column":0},"end":{"line":13,"column":70}},"type":"if","locations":[{"start":{"line":13,"column":0},"end":{"line":13,"column":70}},{"start":{},"end":{}}],"line":13}},"s":{"0":1,"1":1,"2":1,"3":1,"4":1,"5":4,"6":4,"7":1,"8":3,"9":3,"10":3,"11":1,"12":2,"13":1},"f":{"0":4,"1":3},"b":{"0":[1,3],"1":[4,4],"2":[1,2]},"_coverageSchema":"1a1c01bbd47fc00a2c39e90264f33305004495a9","hash":"2534befa07578cd5784690d782f458792bde5ac9"}
,"C:\\Users\\wssih\\testes\\lab-integracao-api\\src\\database.js": {"path":"C:\\Users\\wssih\\testes\\lab-integracao-api\\src\\database.js","statementMap":{"0":{"start":{"line":1,"column":16},"end":{"line":1,"column":44}},"1":{"start":{"line":3,"column":17},"end":{"line":3,"column":78}},"2":{"start":{"line":4,"column":11},"end":{"line":11,"column":2}},"3":{"start":{"line":5,"column":0},"end":{"line":5,"column":36}},"4":{"start":{"line":5,"column":9},"end":{"line":5,"column":36}},"5":{"start":{"line":6,"column":0},"end":{"line":10,"column":4}},"6":{"start":{"line":12,"column":0},"end":{"line":12,"column":20}}},"fnMap":{"0":{"name":"(anonymous_0)","decl":{"start":{"line":4,"column":42},"end":{"line":4,"column":43}},"loc":{"start":{"line":4,"column":51},"end":{"line":11,"column":1}},"line":4}},"branchMap":{"0":{"loc":{"start":{"line":3,"column":17},"end":{"line":3,"column":78}},"type":"cond-expr","locations":[{"start":{"line":3,"column":51},"end":{"line":3,"column":61}},{"start":{"line":3,"column":64},"end":{"line":3,"column":78}}],"line":3},"1":{"loc":{"start":{"line":5,"column":0},"end":{"line":5,"column":36}},"type":"if","locations":[{"start":{"line":5,"column":0},"end":{"line":5,"column":36}},{"start":{},"end":{}}],"line":5}},"s":{"0":1,"1":1,"2":1,"3":1,"4":0,"5":1,"6":1},"f":{"0":1},"b":{"0":[1,0],"1":[0,1]},"_coverageSchema":"1a1c01bbd47fc00a2c39e90264f33305004495a9","hash":"92988b3a1eb5c07c843badc93d2f3f75394bf100"}
}
